# JRE version: OpenJDK Runtime Environment AdoptOpenJDK (11.0.9+11) (build 11.0.9+11)
# Java VM: OpenJDK 64-Bit Server VM AdoptOpenJDK (11.0.9+11, mixed mode, tiered, compressed oops, parallel gc, windows-amd64)
Heap:
 PSYoungGen      total 47616K, used 24746K [0x00000000eab00000, 0x00000000ef000000, 0x0000000100000000)
  eden space 45568K, 49% used [0x00000000eab00000,0x00000000ec12b368,0x00000000ed780000)
  from space 2048K, 99% used [0x00000000eed00000,0x00000000eeeff570,0x00000000eef00000)
  to   space 1024K, 0% used [0x00000000eef00000,0x00000000eef00000,0x00000000ef000000)
 ParOldGen       total 392192K, used 374353K [0x00000000c0000000, 0x00000000d7f00000, 0x00000000eab00000)
  object space 392192K, 95% used [0x00000000c0000000,0x00000000d6d94640,0x00000000d7f00000)
 Metaspace       used 66993K, capacity 69988K, committed 70272K, reserved 1112064K
  class space    used 6171K, capacity 7214K, committed 7296K, reserved 1048576K
GC Heap History (20 events):
Event: 6994.216 GC heap before
{Heap before GC invocations=120 (full 9):
 PSYoungGen      total 54272K, used 54112K [0x00000000eab00000, 0x00000000efa80000, 0x0000000100000000)
  eden space 52224K, 100% used [0x00000000eab00000,0x00000000ede00000,0x00000000ede00000)
  from space 2048K, 92% used [0x00000000ef500000,0x00000000ef6d8070,0x00000000ef700000)
  to   space 3072K, 0% used [0x00000000ef780000,0x00000000ef780000,0x00000000efa80000)
 ParOldGen       total 392192K, used 366027K [0x00000000c0000000, 0x00000000d7f00000, 0x00000000eab00000)
  object space 392192K, 93% used [0x00000000c0000000,0x00000000d6572e20,0x00000000d7f00000)
 Metaspace       used 66497K, capacity 69503K, committed 69760K, reserved 1112064K
  class space    used 6162K, capacity 7208K, committed 7296K, reserved 1048576K
}
Event: 6994.223 GC heap after
{Heap after GC invocations=120 (full 9):
 PSYoungGen      total 54272K, used 3053K [0x00000000eab00000, 0x00000000efa80000, 0x0000000100000000)
  eden space 51200K, 0% used [0x00000000eab00000,0x00000000eab00000,0x00000000edd00000)
  from space 3072K, 99% used [0x00000000ef780000,0x00000000efa7b520,0x00000000efa80000)
  to   space 6144K, 0% used [0x00000000eee80000,0x00000000eee80000,0x00000000ef480000)
 ParOldGen       total 392192K, used 368435K [0x00000000c0000000, 0x00000000d7f00000, 0x00000000eab00000)
  object space 392192K, 93% used [0x00000000c0000000,0x00000000d67cce20,0x00000000d7f00000)
 Metaspace       used 66497K, capacity 69503K, committed 69760K, reserved 1112064K
  class space    used 6162K, capacity 7208K, committed 7296K, reserved 1048576K
}
Event: 6997.255 GC heap before
{Heap before GC invocations=121 (full 9):
 PSYoungGen      total 54272K, used 54253K [0x00000000eab00000, 0x00000000efa80000, 0x0000000100000000)
  eden space 51200K, 100% used [0x00000000eab00000,0x00000000edd00000,0x00000000edd00000)
  from space 3072K, 99% used [0x00000000ef780000,0x00000000efa7b520,0x00000000efa80000)
  to   space 6144K, 0% used [0x00000000eee80000,0x00000000eee80000,0x00000000ef480000)
 ParOldGen       total 392192K, used 368435K [0x00000000c0000000, 0x00000000d7f00000, 0x00000000eab00000)
  object space 392192K, 93% used [0x00000000c0000000,0x00000000d67cce20,0x00000000d7f00000)
 Metaspace       used 66543K, capacity 69567K, committed 69760K, reserved 1112064K
  class space    used 6162K, capacity 7208K, committed 7296K, reserved 1048576K
}
Event: 6997.263 GC heap after
{Heap after GC invocations=121 (full 9):
 PSYoungGen      total 56320K, used 1392K [0x00000000eab00000, 0x00000000ef800000, 0x0000000100000000)
  eden space 50176K, 0% used [0x00000000eab00000,0x00000000eab00000,0x00000000edc00000)
  from space 6144K, 22% used [0x00000000eee80000,0x00000000eefdc040,0x00000000ef480000)
  to   space 3072K, 0% used [0x00000000ef500000,0x00000000ef500000,0x00000000ef800000)
 ParOldGen       total 392192K, used 368840K [0x00000000c0000000, 0x00000000d7f00000, 0x00000000eab00000)
  object space 392192K, 94% used [0x00000000c0000000,0x00000000d68322c0,0x00000000d7f00000)
 Metaspace       used 66543K, capacity 69567K, committed 69760K, reserved 1112064K
  class space    used 6162K, capacity 7208K, committed 7296K, reserved 1048576K
}
Event: 7126.581 GC heap before
{Heap before GC invocations=122 (full 9):
 PSYoungGen      total 56320K, used 51568K [0x00000000eab00000, 0x00000000ef800000, 0x0000000100000000)
  eden space 50176K, 100% used [0x00000000eab00000,0x00000000edc00000,0x00000000edc00000)
  from space 6144K, 22% used [0x00000000eee80000,0x00000000eefdc040,0x00000000ef480000)
  to   space 3072K, 0% used [0x00000000ef500000,0x00000000ef500000,0x00000000ef800000)
 ParOldGen       total 392192K, used 368840K [0x00000000c0000000, 0x00000000d7f00000, 0x00000000eab00000)
  object space 392192K, 94% used [0x00000000c0000000,0x00000000d68322c0,0x00000000d7f00000)
 Metaspace       used 66608K, capacity 69698K, committed 70016K, reserved 1112064K
  class space    used 6162K, capacity 7208K, committed 7296K, reserved 1048576K
}
Event: 7126.586 GC heap after
{Heap after GC invocations=122 (full 9):
 PSYoungGen      total 50688K, used 1280K [0x00000000eab00000, 0x00000000ef680000, 0x0000000100000000)
  eden space 49152K, 0% used [0x00000000eab00000,0x00000000eab00000,0x00000000edb00000)
  from space 1536K, 83% used [0x00000000ef500000,0x00000000ef640020,0x00000000ef680000)
  to   space 2048K, 0% used [0x00000000ef280000,0x00000000ef280000,0x00000000ef480000)
 ParOldGen       total 392192K, used 368848K [0x00000000c0000000, 0x00000000d7f00000, 0x00000000eab00000)
  object space 392192K, 94% used [0x00000000c0000000,0x00000000d68342c0,0x00000000d7f00000)
 Metaspace       used 66608K, capacity 69698K, committed 70016K, reserved 1112064K
  class space    used 6162K, capacity 7208K, committed 7296K, reserved 1048576K
}
Event: 7771.364 GC heap before
{Heap before GC invocations=123 (full 9):
 PSYoungGen      total 50688K, used 50432K [0x00000000eab00000, 0x00000000ef680000, 0x0000000100000000)
  eden space 49152K, 100% used [0x00000000eab00000,0x00000000edb00000,0x00000000edb00000)
  from space 1536K, 83% used [0x00000000ef500000,0x00000000ef640020,0x00000000ef680000)
  to   space 2048K, 0% used [0x00000000ef280000,0x00000000ef280000,0x00000000ef480000)
 ParOldGen       total 392192K, used 368848K [0x00000000c0000000, 0x00000000d7f00000, 0x00000000eab00000)
  object space 392192K, 94% used [0x00000000c0000000,0x00000000d68342c0,0x00000000d7f00000)
 Metaspace       used 66788K, capacity 69826K, committed 70016K, reserved 1112064K
  class space    used 6165K, capacity 7208K, committed 7296K, reserved 1048576K
}
Event: 7771.371 GC heap after
{Heap after GC invocations=123 (full 9):
 PSYoungGen      total 50176K, used 1424K [0x00000000eab00000, 0x00000000ef580000, 0x0000000100000000)
  eden space 48640K, 0% used [0x00000000eab00000,0x00000000eab00000,0x00000000eda80000)
  from space 1536K, 92% used [0x00000000ef280000,0x00000000ef3e4090,0x00000000ef400000)
  to   space 1536K, 0% used [0x00000000ef400000,0x00000000ef400000,0x00000000ef580000)
 ParOldGen       total 392192K, used 368856K [0x00000000c0000000, 0x00000000d7f00000, 0x00000000eab00000)
  object space 392192K, 94% used [0x00000000c0000000,0x00000000d68362c0,0x00000000d7f00000)
 Metaspace       used 66788K, capacity 69826K, committed 70016K, reserved 1112064K
  class space    used 6165K, capacity 7208K, committed 7296K, reserved 1048576K
}
Event: 7781.047 GC heap before
{Heap before GC invocations=124 (full 9):
 PSYoungGen      total 50176K, used 50064K [0x00000000eab00000, 0x00000000ef580000, 0x0000000100000000)
  eden space 48640K, 100% used [0x00000000eab00000,0x00000000eda80000,0x00000000eda80000)
  from space 1536K, 92% used [0x00000000ef280000,0x00000000ef3e4090,0x00000000ef400000)
  to   space 1536K, 0% used [0x00000000ef400000,0x00000000ef400000,0x00000000ef580000)
 ParOldGen       total 392192K, used 368856K [0x00000000c0000000, 0x00000000d7f00000, 0x00000000eab00000)
  object space 392192K, 94% used [0x00000000c0000000,0x00000000d68362c0,0x00000000d7f00000)
 Metaspace       used 66832K, capacity 69902K, committed 70016K, reserved 1112064K
  class space    used 6166K, capacity 7210K, committed 7296K, reserved 1048576K
}
Event: 7781.054 GC heap after
{Heap after GC invocations=124 (full 9):
 PSYoungGen      total 49664K, used 1533K [0x00000000eab00000, 0x00000000ef580000, 0x0000000100000000)
  eden space 48128K, 0% used [0x00000000eab00000,0x00000000eab00000,0x00000000eda00000)
  from space 1536K, 99% used [0x00000000ef400000,0x00000000ef57f570,0x00000000ef580000)
  to   space 6144K, 0% used [0x00000000ee980000,0x00000000ee980000,0x00000000eef80000)
 ParOldGen       total 392192K, used 372557K [0x00000000c0000000, 0x00000000d7f00000, 0x00000000eab00000)
  object space 392192K, 94% used [0x00000000c0000000,0x00000000d6bd3760,0x00000000d7f00000)
 Metaspace       used 66832K, capacity 69902K, committed 70016K, reserved 1112064K
  class space    used 6166K, capacity 7210K, committed 7296K, reserved 1048576K
}
Event: 7783.524 GC heap before
{Heap before GC invocations=125 (full 9):
 PSYoungGen      total 49664K, used 49661K [0x00000000eab00000, 0x00000000ef580000, 0x0000000100000000)
  eden space 48128K, 100% used [0x00000000eab00000,0x00000000eda00000,0x00000000eda00000)
  from space 1536K, 99% used [0x00000000ef400000,0x00000000ef57f570,0x00000000ef580000)
  to   space 6144K, 0% used [0x00000000ee980000,0x00000000ee980000,0x00000000eef80000)
 ParOldGen       total 392192K, used 372557K [0x00000000c0000000, 0x00000000d7f00000, 0x00000000eab00000)
  object space 392192K, 94% used [0x00000000c0000000,0x00000000d6bd3760,0x00000000d7f00000)
 Metaspace       used 66850K, capacity 69911K, committed 70016K, reserved 1112064K
  class space    used 6167K, capacity 7212K, committed 7296K, reserved 1048576K
}
Event: 7783.531 GC heap after
{Heap after GC invocations=125 (full 9):
 PSYoungGen      total 53760K, used 3005K [0x00000000eab00000, 0x00000000ef480000, 0x0000000100000000)
  eden space 47616K, 0% used [0x00000000eab00000,0x00000000eab00000,0x00000000ed980000)
  from space 6144K, 48% used [0x00000000ee980000,0x00000000eec6f570,0x00000000eef80000)
  to   space 4096K, 0% used [0x00000000ef080000,0x00000000ef080000,0x00000000ef480000)
 ParOldGen       total 392192K, used 373041K [0x00000000c0000000, 0x00000000d7f00000, 0x00000000eab00000)
  object space 392192K, 95% used [0x00000000c0000000,0x00000000d6c4c640,0x00000000d7f00000)
 Metaspace       used 66850K, capacity 69911K, committed 70016K, reserved 1112064K
  class space    used 6167K, capacity 7212K, committed 7296K, reserved 1048576K
}
Event: 7786.487 GC heap before
{Heap before GC invocations=126 (full 9):
 PSYoungGen      total 53760K, used 50621K [0x00000000eab00000, 0x00000000ef480000, 0x0000000100000000)
  eden space 47616K, 100% used [0x00000000eab00000,0x00000000ed980000,0x00000000ed980000)
  from space 6144K, 48% used [0x00000000ee980000,0x00000000eec6f570,0x00000000eef80000)
  to   space 4096K, 0% used [0x00000000ef080000,0x00000000ef080000,0x00000000ef480000)
 ParOldGen       total 392192K, used 373041K [0x00000000c0000000, 0x00000000d7f00000, 0x00000000eab00000)
  object space 392192K, 95% used [0x00000000c0000000,0x00000000d6c4c640,0x00000000d7f00000)
 Metaspace       used 66875K, capacity 69923K, committed 70016K, reserved 1112064K
  class space    used 6171K, capacity 7214K, committed 7296K, reserved 1048576K
}
Event: 7786.493 GC heap after
{Heap after GC invocations=126 (full 9):
 PSYoungGen      total 48128K, used 992K [0x00000000eab00000, 0x00000000ef180000, 0x0000000100000000)
  eden space 47104K, 0% used [0x00000000eab00000,0x00000000eab00000,0x00000000ed900000)
  from space 1024K, 96% used [0x00000000ef080000,0x00000000ef178090,0x00000000ef180000)
  to   space 2048K, 0% used [0x00000000eed80000,0x00000000eed80000,0x00000000eef80000)
 ParOldGen       total 392192K, used 373049K [0x00000000c0000000, 0x00000000d7f00000, 0x00000000eab00000)
  object space 392192K, 95% used [0x00000000c0000000,0x00000000d6c4e640,0x00000000d7f00000)
 Metaspace       used 66875K, capacity 69923K, committed 70016K, reserved 1112064K
  class space    used 6171K, capacity 7214K, committed 7296K, reserved 1048576K
}
Event: 7789.032 GC heap before
{Heap before GC invocations=127 (full 9):
 PSYoungGen      total 48128K, used 48096K [0x00000000eab00000, 0x00000000ef180000, 0x0000000100000000)
  eden space 47104K, 100% used [0x00000000eab00000,0x00000000ed900000,0x00000000ed900000)
  from space 1024K, 96% used [0x00000000ef080000,0x00000000ef178090,0x00000000ef180000)
  to   space 2048K, 0% used [0x00000000eed80000,0x00000000eed80000,0x00000000eef80000)
 ParOldGen       total 392192K, used 373049K [0x00000000c0000000, 0x00000000d7f00000, 0x00000000eab00000)
  object space 392192K, 95% used [0x00000000c0000000,0x00000000d6c4e640,0x00000000d7f00000)
 Metaspace       used 66891K, capacity 69923K, committed 70016K, reserved 1112064K
  class space    used 6171K, capacity 7214K, committed 7296K, reserved 1048576K
}
Event: 7789.037 GC heap after
{Heap after GC invocations=127 (full 9):
 PSYoungGen      total 48640K, used 2029K [0x00000000eab00000, 0x00000000ef100000, 0x0000000100000000)
  eden space 46592K, 0% used [0x00000000eab00000,0x00000000eab00000,0x00000000ed880000)
  from space 2048K, 99% used [0x00000000eed80000,0x00000000eef7b560,0x00000000eef80000)
  to   space 1536K, 0% used [0x00000000eef80000,0x00000000eef80000,0x00000000ef100000)
 ParOldGen       total 392192K, used 373553K [0x00000000c0000000, 0x00000000d7f00000, 0x00000000eab00000)
  object space 392192K, 95% used [0x00000000c0000000,0x00000000d6ccc640,0x00000000d7f00000)
 Metaspace       used 66891K, capacity 69923K, committed 70016K, reserved 1112064K
  class space    used 6171K, capacity 7214K, committed 7296K, reserved 1048576K
}
Event: 7790.876 GC heap before
{Heap before GC invocations=128 (full 9):
 PSYoungGen      total 48640K, used 48490K [0x00000000eab00000, 0x00000000ef100000, 0x0000000100000000)
  eden space 46592K, 99% used [0x00000000eab00000,0x00000000ed85f618,0x00000000ed880000)
  from space 2048K, 99% used [0x00000000eed80000,0x00000000eef7b560,0x00000000eef80000)
  to   space 1536K, 0% used [0x00000000eef80000,0x00000000eef80000,0x00000000ef100000)
 ParOldGen       total 392192K, used 373553K [0x00000000c0000000, 0x00000000d7f00000, 0x00000000eab00000)
  object space 392192K, 95% used [0x00000000c0000000,0x00000000d6ccc640,0x00000000d7f00000)
 Metaspace       used 66905K, capacity 69923K, committed 70016K, reserved 1112064K
  class space    used 6171K, capacity 7214K, committed 7296K, reserved 1048576K
}
Event: 7790.882 GC heap after
{Heap after GC invocations=128 (full 9):
 PSYoungGen      total 47616K, used 1526K [0x00000000eab00000, 0x00000000ef100000, 0x0000000100000000)
  eden space 46080K, 0% used [0x00000000eab00000,0x00000000eab00000,0x00000000ed800000)
  from space 1536K, 99% used [0x00000000eef80000,0x00000000ef0fdaf8,0x00000000ef100000)
  to   space 2048K, 0% used [0x00000000eed00000,0x00000000eed00000,0x00000000eef00000)
 ParOldGen       total 392192K, used 373633K [0x00000000c0000000, 0x00000000d7f00000, 0x00000000eab00000)
  object space 392192K, 95% used [0x00000000c0000000,0x00000000d6ce0640,0x00000000d7f00000)
 Metaspace       used 66905K, capacity 69923K, committed 70016K, reserved 1112064K
  class space    used 6171K, capacity 7214K, committed 7296K, reserved 1048576K
}
Event: 7796.869 GC heap before
{Heap before GC invocations=129 (full 9):
 PSYoungGen      total 47616K, used 47606K [0x00000000eab00000, 0x00000000ef100000, 0x0000000100000000)
  eden space 46080K, 100% used [0x00000000eab00000,0x00000000ed800000,0x00000000ed800000)
  from space 1536K, 99% used [0x00000000eef80000,0x00000000ef0fdaf8,0x00000000ef100000)
  to   space 2048K, 0% used [0x00000000eed00000,0x00000000eed00000,0x00000000eef00000)
 ParOldGen       total 392192K, used 373633K [0x00000000c0000000, 0x00000000d7f00000, 0x00000000eab00000)
  object space 392192K, 95% used [0x00000000c0000000,0x00000000d6ce0640,0x00000000d7f00000)
 Metaspace       used 66942K, capacity 69988K, committed 70272K, reserved 1112064K
  class space    used 6171K, capacity 7214K, committed 7296K, reserved 1048576K
}
Event: 7796.875 GC heap after
{Heap after GC invocations=129 (full 9):
 PSYoungGen      total 47616K, used 2045K [0x00000000eab00000, 0x00000000ef000000, 0x0000000100000000)
  eden space 45568K, 0% used [0x00000000eab00000,0x00000000eab00000,0x00000000ed780000)
  from space 2048K, 99% used [0x00000000eed00000,0x00000000eeeff570,0x00000000eef00000)
  to   space 1024K, 0% used [0x00000000eef00000,0x00000000eef00000,0x00000000ef000000)
 ParOldGen       total 392192K, used 374353K [0x00000000c0000000, 0x00000000d7f00000, 0x00000000eab00000)
  object space 392192K, 95% used [0x00000000c0000000,0x00000000d6d94640,0x00000000d7f00000)
 Metaspace       used 66942K, capacity 69988K, committed 70272K, reserved 1112064K
  class space    used 6171K, capacity 7214K, committed 7296K, reserved 1048576K
}

